0 info it worked if it ends with ok
1 verbose cli [ '/usr/local/bin/node', '/usr/local/bin/npm', 'run', 'dev' ]
2 info using npm@4.1.2
3 info using node@v7.7.3
4 verbose run-script [ 'predev', 'dev', 'postdev' ]
5 info lifecycle example-create-react-app-express@1.0.0~predev: example-create-react-app-express@1.0.0
6 silly lifecycle example-create-react-app-express@1.0.0~predev: no script for predev, continuing
7 info lifecycle example-create-react-app-express@1.0.0~dev: example-create-react-app-express@1.0.0
8 verbose lifecycle example-create-react-app-express@1.0.0~dev: unsafe-perm in lifecycle true
9 verbose lifecycle example-create-react-app-express@1.0.0~dev: PATH: /usr/local/lib/node_modules/npm/bin/node-gyp-bin:/Users/rabinlimbu/other-projects/react-projects/simple-auth-app/node_modules/.bin:/usr/local/bin:/usr/bin:/bin:/usr/sbin:/sbin:/usr/local/bin:/usr/local/go/bin:/Users/rabinlimbu/other-projects/golang/bin:/Users/rabinlimbu/other-projects/golang/src/bin
10 verbose lifecycle example-create-react-app-express@1.0.0~dev: CWD: /Users/rabinlimbu/other-projects/react-projects/simple-auth-app
11 silly lifecycle example-create-react-app-express@1.0.0~dev: Args: [ '-c',
11 silly lifecycle   'concurrently --kill-others-on-fail "npm run server" "npm run client"' ]
12 silly lifecycle example-create-react-app-express@1.0.0~dev: Returned: code: 1  signal: null
13 info lifecycle example-create-react-app-express@1.0.0~dev: Failed to exec dev script
14 verbose stack Error: example-create-react-app-express@1.0.0 dev: `concurrently --kill-others-on-fail "npm run server" "npm run client"`
14 verbose stack Exit status 1
14 verbose stack     at EventEmitter.<anonymous> (/usr/local/lib/node_modules/npm/lib/utils/lifecycle.js:279:16)
14 verbose stack     at emitTwo (events.js:106:13)
14 verbose stack     at EventEmitter.emit (events.js:194:7)
14 verbose stack     at ChildProcess.<anonymous> (/usr/local/lib/node_modules/npm/lib/utils/spawn.js:40:14)
14 verbose stack     at emitTwo (events.js:106:13)
14 verbose stack     at ChildProcess.emit (events.js:194:7)
14 verbose stack     at maybeClose (internal/child_process.js:899:16)
14 verbose stack     at Process.ChildProcess._handle.onexit (internal/child_process.js:226:5)
15 verbose pkgid example-create-react-app-express@1.0.0
16 verbose cwd /Users/rabinlimbu/other-projects/react-projects/simple-auth-app
17 error Darwin 17.5.0
18 error argv "/usr/local/bin/node" "/usr/local/bin/npm" "run" "dev"
19 error node v7.7.3
20 error npm  v4.1.2
21 error code ELIFECYCLE
22 error example-create-react-app-express@1.0.0 dev: `concurrently --kill-others-on-fail "npm run server" "npm run client"`
22 error Exit status 1
23 error Failed at the example-create-react-app-express@1.0.0 dev script 'concurrently --kill-others-on-fail "npm run server" "npm run client"'.
23 error Make sure you have the latest version of node.js and npm installed.
23 error If you do, this is most likely a problem with the example-create-react-app-express package,
23 error not with npm itself.
23 error Tell the author that this fails on your system:
23 error     concurrently --kill-others-on-fail "npm run server" "npm run client"
23 error You can get information on how to open an issue for this project with:
23 error     npm bugs example-create-react-app-express
23 error Or if that isn't available, you can get their info via:
23 error     npm owner ls example-create-react-app-express
23 error There is likely additional logging output above.
24 verbose exit [ 1, true ]
